<?xml version="1.0" encoding="UTF-8"?>
<!-- Generated by org.testng.reporters.JUnitReportReporter -->
<testsuite hostname="LAPTOP-0STQ7AK3" failures="0" tests="4" name="com.testrun.CucumberRunner" time="18.159" errors="0" timestamp="2023-06-18T18:00:29 EDT" skipped="0">
  <testcase classname="com.testrun.CucumberRunner" name="runScenario" time="5.076"/>
  <system-out/>
  <testcase classname="com.testrun.CucumberRunner" name="test1" time="0.002"/>
  <system-out/>
  <testcase classname="com.testrun.CucumberRunner" name="runScenario" time="6.718"/>
  <system-out/>
  <testcase classname="com.testrun.CucumberRunner" name="runScenario" time="6.363"/>
  <system-out/>
</testsuite> <!-- com.testrun.CucumberRunner -->
