<?xml version="1.0" encoding="UTF-8"?>
<!-- Generated by org.testng.reporters.JUnitReportReporter -->
<testsuite hostname="LAPTOP-0STQ7AK3" failures="0" tests="4" name="com.testrun.CucumberRunner" time="9.021" errors="0" timestamp="2023-06-27T14:57:20 EDT" skipped="0">
  <testcase classname="com.testrun.CucumberRunner" name="test1" time="0.000"/>
  <system-out/>
  <testcase classname="com.testrun.CucumberRunner" name="runScenario" time="4.242"/>
  <system-out/>
  <testcase classname="com.testrun.CucumberRunner" name="runScenario" time="2.250"/>
  <system-out/>
  <testcase classname="com.testrun.CucumberRunner" name="runScenario" time="2.529"/>
  <system-out/>
</testsuite> <!-- com.testrun.CucumberRunner -->
