<?xml version="1.0" encoding="UTF-8"?>
<!-- Generated by org.testng.reporters.JUnitReportReporter -->
<testsuite hostname="LAPTOP-0STQ7AK3" failures="0" tests="4" name="com.testrun.CucumberRunner" time="10.486" errors="0" timestamp="2023-06-27T16:24:35 EDT" skipped="0">
  <testcase classname="com.testrun.CucumberRunner" name="runScenario" time="4.502"/>
  <system-out/>
  <testcase classname="com.testrun.CucumberRunner" name="runScenario" time="3.329"/>
  <system-out/>
  <testcase classname="com.testrun.CucumberRunner" name="runScenario" time="2.654"/>
  <system-out/>
  <testcase classname="com.testrun.CucumberRunner" name="test1" time="0.001"/>
  <system-out/>
</testsuite> <!-- com.testrun.CucumberRunner -->
