<?xml version="1.0" encoding="UTF-8"?>
<!-- Generated by org.testng.reporters.JUnitReportReporter -->
<testsuite hostname="LAPTOP-0STQ7AK3" failures="0" tests="4" name="com.testrun.CucumberRunner" time="16.313" errors="0" timestamp="2023-06-18T18:10:43 EDT" skipped="0">
  <testcase classname="com.testrun.CucumberRunner" name="test1" time="0.003"/>
  <system-out/>
  <testcase classname="com.testrun.CucumberRunner" name="runScenario" time="7.323"/>
  <system-out/>
  <testcase classname="com.testrun.CucumberRunner" name="runScenario" time="4.479"/>
  <system-out/>
  <testcase classname="com.testrun.CucumberRunner" name="runScenario" time="4.508"/>
  <system-out/>
</testsuite> <!-- com.testrun.CucumberRunner -->
