<?xml version="1.0" encoding="UTF-8"?>
<!-- Generated by org.testng.reporters.JUnitReportReporter -->
<testsuite hostname="LAPTOP-0STQ7AK3" failures="0" tests="4" name="com.testrun.CucumberRunner" time="18.913" errors="0" timestamp="2023-06-27T17:15:11 EDT" skipped="0">
  <testcase classname="com.testrun.CucumberRunner" name="runScenario" time="3.938"/>
  <system-out/>
  <testcase classname="com.testrun.CucumberRunner" name="test1" time="0.001"/>
  <system-out/>
  <testcase classname="com.testrun.CucumberRunner" name="runScenario" time="11.426"/>
  <system-out/>
  <testcase classname="com.testrun.CucumberRunner" name="runScenario" time="3.548"/>
  <system-out/>
</testsuite> <!-- com.testrun.CucumberRunner -->
